Success (10):
datatype 3808 {urn:com:husky:types:appian:ewr}EWR_EPMReportEWR "{urn:com:husky:types:appian:ewr}EWR_EPMReportEWR"
content 49332 _a-0000e32a-e620-8000-d3f4-680000680000_203502 "EWR_EXCEL_TEMPLATE_EWR"
content 49333 _a-0000e32a-e620-8000-d3f4-680000680000_203936 "EWR_TEMPLATE_CONSTANT"
content 49334 _a-0000e32a-e620-8000-d3f4-680000680000_203917 "EWR_Report_Folder"
content 49335 _a-0000e32a-e620-8000-d3f4-680000680000_203923 "EWR_Report_Constant"
content 49336 _a-0000e32a-e620-8000-d3f4-680000680000_203511 "EWR_EXCEL_MODEL"
content 50292 f57d5f4f-3feb-4f51-9911-d002c7cc5999 "EWR_ReportEWR"
processModel 4757 0002e340-2af6-8000-d3f5-680000680000 "EWR_EXCEL_Model"
processModel 2709 0008daf4-c151-8000-0491-680000680000 "EWR List EWRs"
application 49338 _a-0000e32a-e620-8000-d3f4-680000680000_203443 "ENHC0019882"

Referenced precedents that were not exported (70):
datatype 4146 {urn:com:husky:types:appian:ewr}GLOB_ReportSearchPref
datatype 4118 {urn:com:husky:types:appian:ewr}GLOB_UWIView
datatype 4474 {urn:com:husky:types:appian:ewr}EWR_WBSMasterView
dataStore 4142 _a-0000d529-9a4b-8000-048c-680000680000_4653
user appiansvc appiansvc
user bhuia bhuia
group 52 SYSTEM_GROUP_ROLE_APPLICATION_USERS
group 5 _e-0001d235-5301-8000-5301-64814c64814c_3
group 989 _e-0000dabc-57fe-8000-048e-680000680000_2981
group 904 _e-0000dabc-57fe-8000-048e-680000680000_2982
group 983 _e-0000dabc-57fe-8000-048e-680000680000_2983
group 991 _e-0000db0f-491d-8000-048e-680000680000_3040
content 13891 _a-0000daec-be1b-8000-048c-680000680000_29238
content 13892 _a-0000daec-be1b-8000-048c-680000680000_29237
content 13704 3dbacecf-1411-41e4-8c72-9a8976883c40
content 14665 _a-0000db0f-492e-8000-048c-680000680000_35074
content 13769 _a-0000daf6-511d-8000-048c-680000680000_29663
content 13770 _a-0000daf6-511d-8000-048c-680000680000_29662
content 14667 ac83dbcd-cc90-4847-abbf-137218662688
content 14668 _a-0000daec-be1b-8000-048c-680000680000_29247
content 14669 _a-0000daec-be1b-8000-048c-680000680000_29248
content 14670 da9a1a39-00b0-4fba-8ba6-639e28b412f3
content 144 _a-0000d3d8-839a-8000-048c-680000680000_1071
content 13714 _a-0000daec-be1b-8000-048c-680000680000_29093
content 146 _a-0000d3d8-839a-8000-048c-680000680000_1072
content 13461 _a-0000daec-be1b-8000-048c-680000680000_29267
content 16790 _a-0000dc39-e7f2-8000-048c-680000680000_51409
content 7318 _a-0000d62a-67b3-8000-da6f-010000010000_950
content 14105 _a-0000db04-3a5d-8000-048c-680000680000_30138
content 13725 _a-0000daec-be1b-8000-048c-680000680000_29239
content 13726 _a-0000daec-be1b-8000-048c-680000680000_29241
content 4129 _a-0000d5ce-7b5e-8000-048c-680000680000_5320
content 5539 _a-0000d823-61d5-8000-048c-680000680000_10638
content 4131 _a-0000d5f3-2f7c-8000-048c-680000680000_5865
content 14117 _a-0000db04-3a5d-8000-048c-680000680000_30140
content 4901 _a-0000d7f9-7ee0-8000-048c-680000680000_9519
content 14118 _a-0000db04-3a5d-8000-048c-680000680000_30139
content 5542 _a-0000d823-61d5-8000-048c-680000680000_10636
content 4906 _a-0000d740-dc00-8000-048c-680000680000_7848
content 4972 _a-0000d7f9-7ee0-8000-048c-680000680000_9520
content 14637 _a-0000db04-3a5d-8000-048c-680000680000_30137
content 13741 4ee77b93-68ec-4459-be85-9c9a3805595c
content 13806 _a-0000daec-be1b-8000-048c-680000680000_29246
content 13486 827ed2ec-2413-4b4a-8fc9-00bce6559af6
content 4975 _a-0000d7f9-7ee0-8000-048c-680000680000_9522
content 13551 874a91a8-01cb-4680-a411-a84c7553021e
content 13552 0b2c6953-5fa8-41b4-ada2-467cd59ed0d6
content 9777 _a-0000da72-7a5a-8000-048c-680000680000_27356
content 13554 13c8ad75-0d2c-4d87-b7da-944e9915831e
content 13556 _a-0000dbe3-4716-8000-048c-680000680000_48606
content 14645 _a-0000daf6-511d-8000-048c-680000680000_29368
content 13557 _a-0000dbe3-4716-8000-048c-680000680000_48607
content 48924 _a-0000e2ff-d1dd-8000-d3f4-680000680000_168045
content 13694 _a-0000daec-be1b-8000-048c-680000680000_28992
content 1468 _a-0000d458-9f5d-8000-048c-680000680000_2751
content 14589 _a-0000db04-3a5d-8000-048c-680000680000_30141
content 125 _a-0000d419-47be-8000-048c-680000680000_1898
content 9470 _a-0000d9b9-c7bc-8000-048c-680000680000_19767
content 16574 _a-0000dc14-3a43-8000-048c-680000680000_50998
content 126 _a-0000d3d8-839a-8000-048c-680000680000_1065
content 127 _a-0000d3d8-839a-8000-048c-680000680000_1066
content 14664 _a-0000db91-ef88-8000-048c-680000680000_43296
content 13558 782513d9-d1f9-4394-a5ae-260636cc2c30
content 14810 _a-0000db0f-492e-8000-048c-680000680000_36627
content 14954 dfa3d3ed-a200-4e6e-8d22-f277fc1da807
content 13815 _a-0000db04-3a5d-8000-048c-680000680000_30018
content 7347 _a-0000d62a-67b3-8000-da6f-010000010000_951
content 13555 64025d96-db85-41c2-8e98-6567d9359cf6
processModelFolder 112 _g-0000e2ff-d194-8000-d3f5-680000680000_113
processModelFolder 96 _g-0000db0f-4951-8000-0491-680000680000_159

Trace:
2019-11-20 08:57:47.94 DEBUG application 49338 _a-0000e32a-e620-8000-d3f4-680000680000_203443 Begin transport.
2019-11-20 08:57:47.94 DEBUG application 49338 _a-0000e32a-e620-8000-d3f4-680000680000_203443 Retrieving object data.
2019-11-20 08:57:48.009 DEBUG application 49338 _a-0000e32a-e620-8000-d3f4-680000680000_203443 App associated objects: [datatype=[{urn:com:husky:types:appian:ewr}EWR_EPMReportEWR],content=[f57d5f4f-3feb-4f51-9911-d002c7cc5999, _a-0000e32a-e620-8000-d3f4-680000680000_203502, _a-0000e32a-e620-8000-d3f4-680000680000_203511, _a-0000e32a-e620-8000-d3f4-680000680000_203917, _a-0000e32a-e620-8000-d3f4-680000680000_203923, _a-0000e32a-e620-8000-d3f4-680000680000_203936],processModel=[0008daf4-c151-8000-0491-680000680000, 0002e340-2af6-8000-d3f5-680000680000]]
2019-11-20 08:57:48.046 DEBUG application 49338 _a-0000e32a-e620-8000-d3f4-680000680000_203443 Invalid associated objects: []
2019-11-20 08:57:48.046 DEBUG application 49338 _a-0000e32a-e620-8000-d3f4-680000680000_203443 Adding valid associated objects to be exported: GlobalBindingMap[datatype={{urn:com:husky:types:appian:ewr}EWR_EPMReportEWR=3808},content={f57d5f4f-3feb-4f51-9911-d002c7cc5999=50292, _a-0000e32a-e620-8000-d3f4-680000680000_203502=49332, _a-0000e32a-e620-8000-d3f4-680000680000_203511=49336, _a-0000e32a-e620-8000-d3f4-680000680000_203917=49334, _a-0000e32a-e620-8000-d3f4-680000680000_203923=49335, _a-0000e32a-e620-8000-d3f4-680000680000_203936=49333},processModel={0008daf4-c151-8000-0491-680000680000=2709, 0002e340-2af6-8000-d3f5-680000680000=4757}]
2019-11-20 08:57:48.047 DEBUG application 49338 _a-0000e32a-e620-8000-d3f4-680000680000_203443 Setting uuids of object references.
2019-11-20 08:57:48.047 DEBUG application 49338 _a-0000e32a-e620-8000-d3f4-680000680000_203443 Processing reference: Application.forum
2019-11-20 08:57:48.048 DEBUG application 49338 _a-0000e32a-e620-8000-d3f4-680000680000_203443 Processing reference: Application.parent
2019-11-20 08:57:48.069 DEBUG application 49338 _a-0000e32a-e620-8000-d3f4-680000680000_203443 Processing reference: com.appiancorp.suiteapi.content.ContentRoleMap@783ff02c[
  ContentRole[name=readers,inherit=false,allowForAll=false]
  ContentRole[name=authors,inherit=false,allowForAll=false]
  ContentRole[name=administrators,usernames=[appiansvc],inherit=false,allowForAll=false]
  ContentRole[name=denyReaders,inherit=false,allowForAll=false]
  ContentRole[name=denyAuthors,inherit=false,allowForAll=false]
  ContentRole[name=denyAdministrators,inherit=false,allowForAll=false]
  securityVector=129:SEC_PUBLIC=true,SEC_CREATOR_ADMIN=true,SEC_INH_ADMIN=false,SEC_INH_EDITOR=false,SEC_INH_VIEWER=false,SEC_ALL_ADMIN=false,SEC_ALL_EDITOR=false,SEC_ALL_VIEWER=false
]
2019-11-20 08:57:48.069 DEBUG application 49338 _a-0000e32a-e620-8000-d3f4-680000680000_203443 Processing reference: ContentRole[name=readers,inherit=false,allowForAll=false]
2019-11-20 08:57:48.07 DEBUG application 49338 _a-0000e32a-e620-8000-d3f4-680000680000_203443 Processing reference: ContentRole[name=authors,inherit=false,allowForAll=false]
2019-11-20 08:57:48.07 DEBUG application 49338 _a-0000e32a-e620-8000-d3f4-680000680000_203443 Processing reference: ContentRole[name=administrators,usernames=[appiansvc],inherit=false,allowForAll=false]
2019-11-20 08:57:48.075 DEBUG application 49338 _a-0000e32a-e620-8000-d3f4-680000680000_203443 Processing reference: ContentRole[name=denyReaders,inherit=false,allowForAll=false]
2019-11-20 08:57:48.075 DEBUG application 49338 _a-0000e32a-e620-8000-d3f4-680000680000_203443 Processing reference: ContentRole[name=denyAuthors,inherit=false,allowForAll=false]
2019-11-20 08:57:48.075 DEBUG application 49338 _a-0000e32a-e620-8000-d3f4-680000680000_203443 Processing reference: ContentRole[name=denyAdministrators,inherit=false,allowForAll=false]
2019-11-20 08:57:48.075 DEBUG datatype 3808 {urn:com:husky:types:appian:ewr}EWR_EPMReportEWR Begin transport.
2019-11-20 08:57:48.075 DEBUG datatype 3808 {urn:com:husky:types:appian:ewr}EWR_EPMReportEWR Retrieving object data.
2019-11-20 08:57:48.826 DEBUG datatype 3808 {urn:com:husky:types:appian:ewr}EWR_EPMReportEWR Setting uuids of object references.
2019-11-20 08:57:48.828 DEBUG datatype 3808 {urn:com:husky:types:appian:ewr}EWR_EPMReportEWR Completing produce.
2019-11-20 08:57:48.828 DEBUG datatype 3808 {urn:com:husky:types:appian:ewr}EWR_EPMReportEWR Exporting binary resources.
2019-11-20 08:57:48.828 DEBUG datatype 3808 {urn:com:husky:types:appian:ewr}EWR_EPMReportEWR Serializing object to XML.
2019-11-20 08:57:48.828 DEBUG datatype 3808 {urn:com:husky:types:appian:ewr}EWR_EPMReportEWR Object transported.
2019-11-20 08:57:48.834 DEBUG content 50292 f57d5f4f-3feb-4f51-9911-d002c7cc5999 Begin transport.
2019-11-20 08:57:48.834 DEBUG content 50292 f57d5f4f-3feb-4f51-9911-d002c7cc5999 Retrieving object data.
2019-11-20 08:57:48.865 DEBUG content 50292 f57d5f4f-3feb-4f51-9911-d002c7cc5999 Setting uuids of object references.
2019-11-20 08:57:48.865 DEBUG content 50292 f57d5f4f-3feb-4f51-9911-d002c7cc5999 Processing reference: [Content:id=14671,versionId=-1,name=EWR_ReportEWR,type=32,subtype=1,uuid=f57d5f4f-3feb-4f51-9911-d002c7cc5999,parent=14664]
2019-11-20 08:57:48.905 DEBUG content 49336 _a-0000e32a-e620-8000-d3f4-680000680000_203511 Begin transport.
2019-11-20 08:57:48.905 DEBUG content 49336 _a-0000e32a-e620-8000-d3f4-680000680000_203511 Retrieving object data.
2019-11-20 08:57:48.933 DEBUG content 49336 _a-0000e32a-e620-8000-d3f4-680000680000_203511 Setting uuids of object references.
2019-11-20 08:57:48.933 DEBUG content 49336 _a-0000e32a-e620-8000-d3f4-680000680000_203511 Processing reference: [Content:id=49336,versionId=-1,name=EWR_EXCEL_MODEL,type=32,subtype=0,uuid=_a-0000e32a-e620-8000-d3f4-680000680000_203511,parent=13694]
2019-11-20 08:57:48.935 DEBUG processModel 4757 0002e340-2af6-8000-d3f5-680000680000 Begin transport.
2019-11-20 08:57:48.935 DEBUG processModel 4757 0002e340-2af6-8000-d3f5-680000680000 Retrieving object data.
2019-11-20 08:57:49.861 DEBUG processModel 4757 0002e340-2af6-8000-d3f5-680000680000 Setting uuids of object references.
2019-11-20 08:57:49.861 DEBUG processModel 4757 0002e340-2af6-8000-d3f5-680000680000 Processing reference: ProcessModelHaul.folderId
2019-11-20 08:57:49.864 DEBUG processModel 4757 0002e340-2af6-8000-d3f5-680000680000 Processing reference: ProcessModelHaul.modelDashboardPageId
2019-11-20 08:57:49.864 DEBUG processModel 4757 0002e340-2af6-8000-d3f5-680000680000 Processing reference: ProcessModelHaul.processDashboardPageId
2019-11-20 08:57:49.864 DEBUG processModel 4757 0002e340-2af6-8000-d3f5-680000680000 Processing reference: ProcessModel.emailAttachmentFolderId
2019-11-20 08:57:49.865 DEBUG processModel 4757 0002e340-2af6-8000-d3f5-680000680000 Processing reference: ActivityClassParameter[name=pmID,it=23,v=<null>]
2019-11-20 08:57:49.865 DEBUG processModel 4757 0002e340-2af6-8000-d3f5-680000680000 Processing reference: ActivityClassParameter[name=inMap,it=111,v={}]
2019-11-20 08:57:49.865 DEBUG processModel 4757 0002e340-2af6-8000-d3f5-680000680000 Processing reference: ActivityClassParameter[name=procInheritsPriority,it=1,v=1]
2019-11-20 08:57:49.866 DEBUG processModel 4757 0002e340-2af6-8000-d3f5-680000680000 Processing reference: ActivityClassParameter[name=pmUUID,it=3,v=]
2019-11-20 08:57:49.866 DEBUG processModel 4757 0002e340-2af6-8000-d3f5-680000680000 Processing reference: ActivityClassParameter[name=isAsynchronous,it=26,v=1]
2019-11-20 08:57:49.866 DEBUG processModel 4757 0002e340-2af6-8000-d3f5-680000680000 Processing reference: ActivityClassParameter[name=isTransparent,it=26,v=1]
2019-11-20 08:57:49.867 DEBUG processModel 4757 0002e340-2af6-8000-d3f5-680000680000 Processing reference: ActivityClassParameter[name=inheritSecurity,it=26,v=0]
2019-11-20 08:57:49.868 DEBUG processModel 4757 0002e340-2af6-8000-d3f5-680000680000 Processing reference: ActivityClassParameter[name=Content,it=13,v=<null>]
2019-11-20 08:57:49.868 DEBUG processModel 4757 0002e340-2af6-8000-d3f5-680000680000 Processing reference: ActivityClassParameter[name=ContentType,it=3,v=document]
2019-11-20 08:57:49.869 DEBUG processModel 4757 0002e340-2af6-8000-d3f5-680000680000 Processing reference: ActivityClassParameter[name=defaultNode,it=1,v=5]
2019-11-20 08:57:49.869 DEBUG processModel 4757 0002e340-2af6-8000-d3f5-680000680000 Processing reference: ActivityClassParameter[name=rules,it=111,v={ActivityClassParameter[name=rule,it=11,v={ActivityClassParameter[name=expression,it=26,v=<null>],ActivityClassParameter[name=node,it=1,v=4],ActivityClassParameter[name=label,it=3,v=]}]}]
2019-11-20 08:57:49.869 DEBUG processModel 4757 0002e340-2af6-8000-d3f5-680000680000 Processing reference: ActivityClassParameter[name=fired,it=1,v=0]
2019-11-20 08:57:49.869 DEBUG processModel 4757 0002e340-2af6-8000-d3f5-680000680000 Processing reference: ActivityClassParameter[name=arrivedNodes,it=101,v=<null>]
2019-11-20 08:57:49.869 DEBUG processModel 4757 0002e340-2af6-8000-d3f5-680000680000 Processing reference: ActivityClassParameter[name=cdt,it=197,v=<null>]
2019-11-20 08:57:49.869 DEBUG processModel 4757 0002e340-2af6-8000-d3f5-680000680000 Processing reference: ActivityClassParameter[name=cdt_fields_to_export,it=103,v=<null>]
2019-11-20 08:57:49.869 DEBUG processModel 4757 0002e340-2af6-8000-d3f5-680000680000 Processing reference: ActivityClassParameter[name=cell_keys,it=103,v=<null>]
2019-11-20 08:57:49.869 DEBUG processModel 4757 0002e340-2af6-8000-d3f5-680000680000 Processing reference: ActivityClassParameter[name=cell_values,it=103,v=<null>]
2019-11-20 08:57:49.869 DEBUG processModel 4757 0002e340-2af6-8000-d3f5-680000680000 Processing reference: ActivityClassParameter[name=document_name_to_create,it=3,v=]
2019-11-20 08:57:49.869 DEBUG processModel 4757 0002e340-2af6-8000-d3f5-680000680000 Processing reference: ActivityClassParameter[name=document_save_directory,it=12,v=<null>]
2019-11-20 08:57:49.869 DEBUG processModel 4757 0002e340-2af6-8000-d3f5-680000680000 Processing reference: ActivityClassParameter[name=document_to_overwrite,it=13,v=<null>]
2019-11-20 08:57:49.869 DEBUG processModel 4757 0002e340-2af6-8000-d3f5-680000680000 Processing reference: ActivityClassParameter[name=error,it=3,v=]
2019-11-20 08:57:49.869 DEBUG processModel 4757 0002e340-2af6-8000-d3f5-680000680000 Processing reference: ActivityClassParameter[name=excel_base_template,it=13,v=<null>]
2019-11-20 08:57:49.869 DEBUG processModel 4757 0002e340-2af6-8000-d3f5-680000680000 Processing reference: ActivityClassParameter[name=fail_on_error,it=26,v=0]
2019-11-20 08:57:49.869 DEBUG processModel 4757 0002e340-2af6-8000-d3f5-680000680000 Processing reference: ActivityClassParameter[name=include_header_row,it=26,v=0]
2019-11-20 08:57:49.869 DEBUG processModel 4757 0002e340-2af6-8000-d3f5-680000680000 Processing reference: ActivityClassParameter[name=output_document,it=13,v=<null>]
2019-11-20 08:57:49.869 DEBUG processModel 4757 0002e340-2af6-8000-d3f5-680000680000 Processing reference: ActivityClassParameter[name=sheet_number,it=1,v=<null>]
2019-11-20 08:57:49.869 DEBUG processModel 4757 0002e340-2af6-8000-d3f5-680000680000 Processing reference: ActivityClassParameter[name=starting_cell,it=3,v=]
2019-11-20 08:57:49.869 DEBUG processModel 4757 0002e340-2af6-8000-d3f5-680000680000 Processing reference: ProcessVariable[name=EwrReportItem,it=3809,v=<null>]
2019-11-20 08:57:49.87 DEBUG processModel 4757 0002e340-2af6-8000-d3f5-680000680000 Processing reference: ProcessVariable[name=doc,it=13,v=<null>]
2019-11-20 08:57:49.87 DEBUG processModel 4757 0002e340-2af6-8000-d3f5-680000680000 Processing reference: ProcessVariable[name=error,it=3,v=]
2019-11-20 08:57:49.87 DEBUG processModel 4757 0002e340-2af6-8000-d3f5-680000680000 Processing reference: com.appiancorp.suiteapi.process.ProcessRoleMap@3ff2301b[
  Role[name=ADMIN_OWNER,usernames=[bhuia],groupIds=[52, 5, 989]]
  Role[name=EDITOR]
  Role[name=EXPLICIT_NONMEMBER]
  Role[name=VIEWER]
  Role[name=MANAGER]
  Role[name=INITIATOR]
]
2019-11-20 08:57:49.87 DEBUG processModel 4757 0002e340-2af6-8000-d3f5-680000680000 Processing reference: Role[name=ADMIN_OWNER,usernames=[bhuia],groupIds=[52, 5, 989]]
2019-11-20 08:57:49.88 DEBUG processModel 4757 0002e340-2af6-8000-d3f5-680000680000 Processing reference: Role[name=EDITOR]
2019-11-20 08:57:49.88 DEBUG processModel 4757 0002e340-2af6-8000-d3f5-680000680000 Processing reference: Role[name=EXPLICIT_NONMEMBER]
2019-11-20 08:57:49.88 DEBUG processModel 4757 0002e340-2af6-8000-d3f5-680000680000 Processing reference: Role[name=VIEWER]
2019-11-20 08:57:49.88 DEBUG processModel 4757 0002e340-2af6-8000-d3f5-680000680000 Processing reference: Role[name=MANAGER]
2019-11-20 08:57:49.88 DEBUG processModel 4757 0002e340-2af6-8000-d3f5-680000680000 Processing reference: Role[name=INITIATOR]
2019-11-20 08:57:49.882 DEBUG content 49333 _a-0000e32a-e620-8000-d3f4-680000680000_203936 Begin transport.
2019-11-20 08:57:49.882 DEBUG content 49333 _a-0000e32a-e620-8000-d3f4-680000680000_203936 Retrieving object data.
2019-11-20 08:57:49.913 DEBUG content 49333 _a-0000e32a-e620-8000-d3f4-680000680000_203936 Setting uuids of object references.
2019-11-20 08:57:49.913 DEBUG content 49333 _a-0000e32a-e620-8000-d3f4-680000680000_203936 Processing reference: [Content:id=49333,versionId=-1,name=EWR_TEMPLATE_CONSTANT,type=32,subtype=0,uuid=_a-0000e32a-e620-8000-d3f4-680000680000_203936,parent=13694]
2019-11-20 08:57:49.917 DEBUG content 49332 _a-0000e32a-e620-8000-d3f4-680000680000_203502 Begin transport.
2019-11-20 08:57:49.917 DEBUG content 49332 _a-0000e32a-e620-8000-d3f4-680000680000_203502 Retrieving object data.
2019-11-20 08:57:49.937 DEBUG content 49332 _a-0000e32a-e620-8000-d3f4-680000680000_203502 Setting uuids of object references.
2019-11-20 08:57:49.937 DEBUG content 49332 _a-0000e32a-e620-8000-d3f4-680000680000_203502 Processing reference: Document.forum
2019-11-20 08:57:49.937 DEBUG content 49332 _a-0000e32a-e620-8000-d3f4-680000680000_203502 Processing reference: Document.parent
2019-11-20 08:57:49.943 DEBUG content 49332 _a-0000e32a-e620-8000-d3f4-680000680000_203502 Processing reference: com.appiancorp.suiteapi.content.ContentRoleMap@1c02681d[
  ContentRole[name=readers,inherit=true,allowForAll=false]
  ContentRole[name=authors,inherit=true,allowForAll=false]
  ContentRole[name=administrators,inherit=true,allowForAll=false]
  ContentRole[name=denyReaders,inherit=false,allowForAll=false]
  ContentRole[name=denyAuthors,inherit=false,allowForAll=false]
  ContentRole[name=denyAdministrators,inherit=false,allowForAll=false]
  securityVector=15:SEC_PUBLIC=true,SEC_CREATOR_ADMIN=false,SEC_INH_ADMIN=true,SEC_INH_EDITOR=true,SEC_INH_VIEWER=true,SEC_ALL_ADMIN=false,SEC_ALL_EDITOR=false,SEC_ALL_VIEWER=false
]
2019-11-20 08:57:49.943 DEBUG content 49332 _a-0000e32a-e620-8000-d3f4-680000680000_203502 Processing reference: ContentRole[name=readers,inherit=true,allowForAll=false]
2019-11-20 08:57:49.943 DEBUG content 49332 _a-0000e32a-e620-8000-d3f4-680000680000_203502 Processing reference: ContentRole[name=authors,inherit=true,allowForAll=false]
2019-11-20 08:57:49.943 DEBUG content 49332 _a-0000e32a-e620-8000-d3f4-680000680000_203502 Processing reference: ContentRole[name=administrators,inherit=true,allowForAll=false]
2019-11-20 08:57:49.943 DEBUG content 49332 _a-0000e32a-e620-8000-d3f4-680000680000_203502 Processing reference: ContentRole[name=denyReaders,inherit=false,allowForAll=false]
2019-11-20 08:57:49.943 DEBUG content 49332 _a-0000e32a-e620-8000-d3f4-680000680000_203502 Processing reference: ContentRole[name=denyAuthors,inherit=false,allowForAll=false]
2019-11-20 08:57:49.943 DEBUG content 49332 _a-0000e32a-e620-8000-d3f4-680000680000_203502 Processing reference: ContentRole[name=denyAdministrators,inherit=false,allowForAll=false]
2019-11-20 08:57:49.943 DEBUG content 49332 _a-0000e32a-e620-8000-d3f4-680000680000_203502 Completing produce.
2019-11-20 08:57:49.943 DEBUG content 49332 _a-0000e32a-e620-8000-d3f4-680000680000_203502 Exporting binary resources.
2019-11-20 08:57:50.146 DEBUG content 49332 _a-0000e32a-e620-8000-d3f4-680000680000_203502 Serializing object to XML.
2019-11-20 08:57:50.147 DEBUG content 49332 _a-0000e32a-e620-8000-d3f4-680000680000_203502 Object transported.
2019-11-20 08:57:50.147 DEBUG content 49333 _a-0000e32a-e620-8000-d3f4-680000680000_203936 Processing reference: Constant.forum
2019-11-20 08:57:50.148 DEBUG content 49333 _a-0000e32a-e620-8000-d3f4-680000680000_203936 Processing reference: Constant.parent
2019-11-20 08:57:50.155 DEBUG content 49333 _a-0000e32a-e620-8000-d3f4-680000680000_203936 Processing reference: com.appiancorp.suiteapi.content.ContentRoleMap@725e8872[
  ContentRole[name=readers,inherit=true,allowForAll=false]
  ContentRole[name=authors,inherit=true,allowForAll=false]
  ContentRole[name=administrators,inherit=true,allowForAll=false]
  ContentRole[name=denyReaders,inherit=false,allowForAll=false]
  ContentRole[name=denyAuthors,inherit=false,allowForAll=false]
  ContentRole[name=denyAdministrators,inherit=false,allowForAll=false]
  securityVector=15:SEC_PUBLIC=true,SEC_CREATOR_ADMIN=false,SEC_INH_ADMIN=true,SEC_INH_EDITOR=true,SEC_INH_VIEWER=true,SEC_ALL_ADMIN=false,SEC_ALL_EDITOR=false,SEC_ALL_VIEWER=false
]
2019-11-20 08:57:50.155 DEBUG content 49333 _a-0000e32a-e620-8000-d3f4-680000680000_203936 Processing reference: ContentRole[name=readers,inherit=true,allowForAll=false]
2019-11-20 08:57:50.155 DEBUG content 49333 _a-0000e32a-e620-8000-d3f4-680000680000_203936 Processing reference: ContentRole[name=authors,inherit=true,allowForAll=false]
2019-11-20 08:57:50.155 DEBUG content 49333 _a-0000e32a-e620-8000-d3f4-680000680000_203936 Processing reference: ContentRole[name=administrators,inherit=true,allowForAll=false]
2019-11-20 08:57:50.155 DEBUG content 49333 _a-0000e32a-e620-8000-d3f4-680000680000_203936 Processing reference: ContentRole[name=denyReaders,inherit=false,allowForAll=false]
2019-11-20 08:57:50.155 DEBUG content 49333 _a-0000e32a-e620-8000-d3f4-680000680000_203936 Processing reference: ContentRole[name=denyAuthors,inherit=false,allowForAll=false]
2019-11-20 08:57:50.155 DEBUG content 49333 _a-0000e32a-e620-8000-d3f4-680000680000_203936 Processing reference: ContentRole[name=denyAdministrators,inherit=false,allowForAll=false]
2019-11-20 08:57:50.155 DEBUG content 49333 _a-0000e32a-e620-8000-d3f4-680000680000_203936 Completing produce.
2019-11-20 08:57:50.155 DEBUG content 49333 _a-0000e32a-e620-8000-d3f4-680000680000_203936 Exporting binary resources.
2019-11-20 08:57:50.155 DEBUG content 49333 _a-0000e32a-e620-8000-d3f4-680000680000_203936 Serializing object to XML.
2019-11-20 08:57:50.159 DEBUG content 49333 _a-0000e32a-e620-8000-d3f4-680000680000_203936 Object transported.
2019-11-20 08:57:50.173 DEBUG content 49335 _a-0000e32a-e620-8000-d3f4-680000680000_203923 Begin transport.
2019-11-20 08:57:50.173 DEBUG content 49335 _a-0000e32a-e620-8000-d3f4-680000680000_203923 Retrieving object data.
2019-11-20 08:57:50.194 DEBUG content 49335 _a-0000e32a-e620-8000-d3f4-680000680000_203923 Setting uuids of object references.
2019-11-20 08:57:50.194 DEBUG content 49335 _a-0000e32a-e620-8000-d3f4-680000680000_203923 Processing reference: [Content:id=49335,versionId=-1,name=EWR_Report_Constant,type=32,subtype=0,uuid=_a-0000e32a-e620-8000-d3f4-680000680000_203923,parent=13694]
2019-11-20 08:57:50.198 DEBUG content 49334 _a-0000e32a-e620-8000-d3f4-680000680000_203917 Begin transport.
2019-11-20 08:57:50.198 DEBUG content 49334 _a-0000e32a-e620-8000-d3f4-680000680000_203917 Retrieving object data.
2019-11-20 08:57:50.217 DEBUG content 49334 _a-0000e32a-e620-8000-d3f4-680000680000_203917 Setting uuids of object references.
2019-11-20 08:57:50.217 DEBUG content 49334 _a-0000e32a-e620-8000-d3f4-680000680000_203917 Processing reference: KnowledgeFolder.forum
2019-11-20 08:57:50.217 DEBUG content 49334 _a-0000e32a-e620-8000-d3f4-680000680000_203917 Processing reference: KnowledgeFolder.parent
2019-11-20 08:57:50.222 DEBUG content 49334 _a-0000e32a-e620-8000-d3f4-680000680000_203917 Processing reference: com.appiancorp.suiteapi.content.ContentRoleMap@19d3000b[
  ContentRole[name=readers,inherit=true,allowForAll=false]
  ContentRole[name=authors,inherit=true,allowForAll=false]
  ContentRole[name=administrators,inherit=true,allowForAll=false]
  ContentRole[name=denyReaders,inherit=false,allowForAll=false]
  ContentRole[name=denyAuthors,inherit=false,allowForAll=false]
  ContentRole[name=denyAdministrators,inherit=false,allowForAll=false]
  securityVector=15:SEC_PUBLIC=true,SEC_CREATOR_ADMIN=false,SEC_INH_ADMIN=true,SEC_INH_EDITOR=true,SEC_INH_VIEWER=true,SEC_ALL_ADMIN=false,SEC_ALL_EDITOR=false,SEC_ALL_VIEWER=false
]
2019-11-20 08:57:50.222 DEBUG content 49334 _a-0000e32a-e620-8000-d3f4-680000680000_203917 Processing reference: ContentRole[name=readers,inherit=true,allowForAll=false]
2019-11-20 08:57:50.222 DEBUG content 49334 _a-0000e32a-e620-8000-d3f4-680000680000_203917 Processing reference: ContentRole[name=authors,inherit=true,allowForAll=false]
2019-11-20 08:57:50.222 DEBUG content 49334 _a-0000e32a-e620-8000-d3f4-680000680000_203917 Processing reference: ContentRole[name=administrators,inherit=true,allowForAll=false]
2019-11-20 08:57:50.222 DEBUG content 49334 _a-0000e32a-e620-8000-d3f4-680000680000_203917 Processing reference: ContentRole[name=denyReaders,inherit=false,allowForAll=false]
2019-11-20 08:57:50.222 DEBUG content 49334 _a-0000e32a-e620-8000-d3f4-680000680000_203917 Processing reference: ContentRole[name=denyAuthors,inherit=false,allowForAll=false]
2019-11-20 08:57:50.222 DEBUG content 49334 _a-0000e32a-e620-8000-d3f4-680000680000_203917 Processing reference: ContentRole[name=denyAdministrators,inherit=false,allowForAll=false]
2019-11-20 08:57:50.222 DEBUG content 49334 _a-0000e32a-e620-8000-d3f4-680000680000_203917 Completing produce.
2019-11-20 08:57:50.222 DEBUG content 49334 _a-0000e32a-e620-8000-d3f4-680000680000_203917 Exporting binary resources.
2019-11-20 08:57:50.222 DEBUG content 49334 _a-0000e32a-e620-8000-d3f4-680000680000_203917 Serializing object to XML.
2019-11-20 08:57:50.222 DEBUG content 49334 _a-0000e32a-e620-8000-d3f4-680000680000_203917 Object transported.
2019-11-20 08:57:50.223 DEBUG content 49335 _a-0000e32a-e620-8000-d3f4-680000680000_203923 Processing reference: Constant.forum
2019-11-20 08:57:50.223 DEBUG content 49335 _a-0000e32a-e620-8000-d3f4-680000680000_203923 Processing reference: Constant.parent
2019-11-20 08:57:50.229 DEBUG content 49335 _a-0000e32a-e620-8000-d3f4-680000680000_203923 Processing reference: com.appiancorp.suiteapi.content.ContentRoleMap@18062579[
  ContentRole[name=readers,inherit=true,allowForAll=false]
  ContentRole[name=authors,inherit=true,allowForAll=false]
  ContentRole[name=administrators,inherit=true,allowForAll=false]
  ContentRole[name=denyReaders,inherit=false,allowForAll=false]
  ContentRole[name=denyAuthors,inherit=false,allowForAll=false]
  ContentRole[name=denyAdministrators,inherit=false,allowForAll=false]
  securityVector=15:SEC_PUBLIC=true,SEC_CREATOR_ADMIN=false,SEC_INH_ADMIN=true,SEC_INH_EDITOR=true,SEC_INH_VIEWER=true,SEC_ALL_ADMIN=false,SEC_ALL_EDITOR=false,SEC_ALL_VIEWER=false
]
2019-11-20 08:57:50.229 DEBUG content 49335 _a-0000e32a-e620-8000-d3f4-680000680000_203923 Processing reference: ContentRole[name=readers,inherit=true,allowForAll=false]
2019-11-20 08:57:50.229 DEBUG content 49335 _a-0000e32a-e620-8000-d3f4-680000680000_203923 Processing reference: ContentRole[name=authors,inherit=true,allowForAll=false]
2019-11-20 08:57:50.229 DEBUG content 49335 _a-0000e32a-e620-8000-d3f4-680000680000_203923 Processing reference: ContentRole[name=administrators,inherit=true,allowForAll=false]
2019-11-20 08:57:50.229 DEBUG content 49335 _a-0000e32a-e620-8000-d3f4-680000680000_203923 Processing reference: ContentRole[name=denyReaders,inherit=false,allowForAll=false]
2019-11-20 08:57:50.229 DEBUG content 49335 _a-0000e32a-e620-8000-d3f4-680000680000_203923 Processing reference: ContentRole[name=denyAuthors,inherit=false,allowForAll=false]
2019-11-20 08:57:50.229 DEBUG content 49335 _a-0000e32a-e620-8000-d3f4-680000680000_203923 Processing reference: ContentRole[name=denyAdministrators,inherit=false,allowForAll=false]
2019-11-20 08:57:50.229 DEBUG content 49335 _a-0000e32a-e620-8000-d3f4-680000680000_203923 Completing produce.
2019-11-20 08:57:50.229 DEBUG content 49335 _a-0000e32a-e620-8000-d3f4-680000680000_203923 Exporting binary resources.
2019-11-20 08:57:50.229 DEBUG content 49335 _a-0000e32a-e620-8000-d3f4-680000680000_203923 Serializing object to XML.
2019-11-20 08:57:50.233 DEBUG content 49335 _a-0000e32a-e620-8000-d3f4-680000680000_203923 Object transported.
2019-11-20 08:57:50.243 DEBUG processModel 4757 0002e340-2af6-8000-d3f5-680000680000 Completing produce.
2019-11-20 08:57:50.243 DEBUG processModel 4757 0002e340-2af6-8000-d3f5-680000680000 Exporting binary resources.
2019-11-20 08:57:50.243 DEBUG processModel 4757 0002e340-2af6-8000-d3f5-680000680000 Serializing object to XML.
2019-11-20 08:57:50.258 DEBUG processModel 4757 0002e340-2af6-8000-d3f5-680000680000 Object transported.
2019-11-20 08:57:50.258 DEBUG content 49336 _a-0000e32a-e620-8000-d3f4-680000680000_203511 Processing reference: Constant.forum
2019-11-20 08:57:50.258 DEBUG content 49336 _a-0000e32a-e620-8000-d3f4-680000680000_203511 Processing reference: Constant.parent
2019-11-20 08:57:50.272 DEBUG content 49336 _a-0000e32a-e620-8000-d3f4-680000680000_203511 Processing reference: com.appiancorp.suiteapi.content.ContentRoleMap@4ae5519b[
  ContentRole[name=readers,inherit=true,allowForAll=false]
  ContentRole[name=authors,inherit=true,allowForAll=false]
  ContentRole[name=administrators,inherit=true,allowForAll=false]
  ContentRole[name=denyReaders,inherit=false,allowForAll=false]
  ContentRole[name=denyAuthors,inherit=false,allowForAll=false]
  ContentRole[name=denyAdministrators,inherit=false,allowForAll=false]
  securityVector=15:SEC_PUBLIC=true,SEC_CREATOR_ADMIN=false,SEC_INH_ADMIN=true,SEC_INH_EDITOR=true,SEC_INH_VIEWER=true,SEC_ALL_ADMIN=false,SEC_ALL_EDITOR=false,SEC_ALL_VIEWER=false
]
2019-11-20 08:57:50.272 DEBUG content 49336 _a-0000e32a-e620-8000-d3f4-680000680000_203511 Processing reference: ContentRole[name=readers,inherit=true,allowForAll=false]
2019-11-20 08:57:50.272 DEBUG content 49336 _a-0000e32a-e620-8000-d3f4-680000680000_203511 Processing reference: ContentRole[name=authors,inherit=true,allowForAll=false]
2019-11-20 08:57:50.272 DEBUG content 49336 _a-0000e32a-e620-8000-d3f4-680000680000_203511 Processing reference: ContentRole[name=administrators,inherit=true,allowForAll=false]
2019-11-20 08:57:50.272 DEBUG content 49336 _a-0000e32a-e620-8000-d3f4-680000680000_203511 Processing reference: ContentRole[name=denyReaders,inherit=false,allowForAll=false]
2019-11-20 08:57:50.272 DEBUG content 49336 _a-0000e32a-e620-8000-d3f4-680000680000_203511 Processing reference: ContentRole[name=denyAuthors,inherit=false,allowForAll=false]
2019-11-20 08:57:50.272 DEBUG content 49336 _a-0000e32a-e620-8000-d3f4-680000680000_203511 Processing reference: ContentRole[name=denyAdministrators,inherit=false,allowForAll=false]
2019-11-20 08:57:50.272 DEBUG content 49336 _a-0000e32a-e620-8000-d3f4-680000680000_203511 Completing produce.
2019-11-20 08:57:50.272 DEBUG content 49336 _a-0000e32a-e620-8000-d3f4-680000680000_203511 Exporting binary resources.
2019-11-20 08:57:50.272 DEBUG content 49336 _a-0000e32a-e620-8000-d3f4-680000680000_203511 Serializing object to XML.
2019-11-20 08:57:50.282 DEBUG content 49336 _a-0000e32a-e620-8000-d3f4-680000680000_203511 Object transported.
2019-11-20 08:57:50.293 DEBUG content 50292 f57d5f4f-3feb-4f51-9911-d002c7cc5999 Processing reference: FreeformRule.forum
2019-11-20 08:57:50.293 DEBUG content 50292 f57d5f4f-3feb-4f51-9911-d002c7cc5999 Processing reference: TypedVariable[name=title_txt,it=3,v=]
2019-11-20 08:57:50.294 DEBUG content 50292 f57d5f4f-3feb-4f51-9911-d002c7cc5999 Processing reference: TypedVariable[name=ewrNumberList_txt,it=103,v=<null>]
2019-11-20 08:57:50.294 DEBUG content 50292 f57d5f4f-3feb-4f51-9911-d002c7cc5999 Processing reference: TypedVariable[name=ewrStatus_txt,it=3,v=]
2019-11-20 08:57:50.294 DEBUG content 50292 f57d5f4f-3feb-4f51-9911-d002c7cc5999 Processing reference: TypedVariable[name=parfNumber_int,it=1,v=<null>]
2019-11-20 08:57:50.294 DEBUG content 50292 f57d5f4f-3feb-4f51-9911-d002c7cc5999 Processing reference: TypedVariable[name=projectStatusList_txt,it=103,v=<null>]
2019-11-20 08:57:50.294 DEBUG content 50292 f57d5f4f-3feb-4f51-9911-d002c7cc5999 Processing reference: TypedVariable[name=uwiList,it=97,v=<null>]
2019-11-20 08:57:50.294 DEBUG content 50292 f57d5f4f-3feb-4f51-9911-d002c7cc5999 Processing reference: TypedVariable[name=licenseNumber_txt,it=3,v=]
2019-11-20 08:57:50.294 DEBUG content 50292 f57d5f4f-3feb-4f51-9911-d002c7cc5999 Processing reference: TypedVariable[name=surfaceFileNumber_txt,it=3,v=]
2019-11-20 08:57:50.294 DEBUG content 50292 f57d5f4f-3feb-4f51-9911-d002c7cc5999 Processing reference: TypedVariable[name=producingFacilityLocation_txt,it=3,v=]
2019-11-20 08:57:50.294 DEBUG content 50292 f57d5f4f-3feb-4f51-9911-d002c7cc5999 Processing reference: TypedVariable[name=fromLocation_txt,it=3,v=]
2019-11-20 08:57:50.294 DEBUG content 50292 f57d5f4f-3feb-4f51-9911-d002c7cc5999 Processing reference: TypedVariable[name=toLocation_txt,it=3,v=]
2019-11-20 08:57:50.294 DEBUG content 50292 f57d5f4f-3feb-4f51-9911-d002c7cc5999 Processing reference: TypedVariable[name=projectLeaderList_txt,it=103,v=<null>]
2019-11-20 08:57:50.294 DEBUG content 50292 f57d5f4f-3feb-4f51-9911-d002c7cc5999 Processing reference: TypedVariable[name=projectTypeList_txt,it=103,v=<null>]
2019-11-20 08:57:50.294 DEBUG content 50292 f57d5f4f-3feb-4f51-9911-d002c7cc5999 Processing reference: TypedVariable[name=projectTitle_txt,it=3,v=]
2019-11-20 08:57:50.294 DEBUG content 50292 f57d5f4f-3feb-4f51-9911-d002c7cc5999 Processing reference: TypedVariable[name=province_txt,it=3,v=]
2019-11-20 08:57:50.294 DEBUG content 50292 f57d5f4f-3feb-4f51-9911-d002c7cc5999 Processing reference: TypedVariable[name=businessUnit_txt,it=3,v=]
2019-11-20 08:57:50.294 DEBUG content 50292 f57d5f4f-3feb-4f51-9911-d002c7cc5999 Processing reference: TypedVariable[name=buRepList_txt,it=103,v=<null>]
2019-11-20 08:57:50.294 DEBUG content 50292 f57d5f4f-3feb-4f51-9911-d002c7cc5999 Processing reference: TypedVariable[name=button_txt,it=3,v=]
2019-11-20 08:57:50.294 DEBUG content 50292 f57d5f4f-3feb-4f51-9911-d002c7cc5999 Processing reference: TypedVariable[name=EWR_EPMReportEWRList,it=97,v=<null>]
2019-11-20 08:57:50.294 DEBUG content 50292 f57d5f4f-3feb-4f51-9911-d002c7cc5999 Processing reference: TypedVariable[name=WBSMasterViewList,it=97,v=<null>]
2019-11-20 08:57:50.294 DEBUG content 50292 f57d5f4f-3feb-4f51-9911-d002c7cc5999 Processing reference: TypedVariable[name=businessUnitList,it=97,v=<null>]
2019-11-20 08:57:50.294 DEBUG content 50292 f57d5f4f-3feb-4f51-9911-d002c7cc5999 Processing reference: TypedVariable[name=inactiveBusinessUnitList,it=97,v=<null>]
2019-11-20 08:57:50.294 DEBUG content 50292 f57d5f4f-3feb-4f51-9911-d002c7cc5999 Processing reference: TypedVariable[name=user_txt,it=3,v=]
2019-11-20 08:57:50.294 DEBUG content 50292 f57d5f4f-3feb-4f51-9911-d002c7cc5999 Processing reference: TypedVariable[name=reportPrefName_txt,it=3,v=]
2019-11-20 08:57:50.294 DEBUG content 50292 f57d5f4f-3feb-4f51-9911-d002c7cc5999 Processing reference: TypedVariable[name=reportPrefID_int,it=1,v=<null>]
2019-11-20 08:57:50.294 DEBUG content 50292 f57d5f4f-3feb-4f51-9911-d002c7cc5999 Processing reference: TypedVariable[name=EWRUwiList,it=97,v=<null>]
2019-11-20 08:57:50.294 DEBUG content 50292 f57d5f4f-3feb-4f51-9911-d002c7cc5999 Processing reference: TypedVariable[name=EWRReleaseDateFrom,it=7,v=<null>]
2019-11-20 08:57:50.294 DEBUG content 50292 f57d5f4f-3feb-4f51-9911-d002c7cc5999 Processing reference: TypedVariable[name=EWRReleaseDateTo,it=7,v=<null>]
2019-11-20 08:57:50.294 DEBUG content 50292 f57d5f4f-3feb-4f51-9911-d002c7cc5999 Processing reference: TypedVariable[name=TieInLineNum_txt,it=3,v=]
2019-11-20 08:57:50.294 DEBUG content 50292 f57d5f4f-3feb-4f51-9911-d002c7cc5999 Processing reference: TypedVariable[name=TieInLicenceNum_txt,it=3,v=]
2019-11-20 08:57:50.3 DEBUG content 50292 f57d5f4f-3feb-4f51-9911-d002c7cc5999 Processing reference: TypedVariable[name=projectAdministratorID_int,it=1,v=<null>]
2019-11-20 08:57:50.3 DEBUG content 50292 f57d5f4f-3feb-4f51-9911-d002c7cc5999 Processing reference: FreeformRule.parent
2019-11-20 08:57:50.31 DEBUG content 50292 f57d5f4f-3feb-4f51-9911-d002c7cc5999 Processing reference: com.appiancorp.suiteapi.content.ContentRoleMap@265a0110[
  ContentRole[name=readers,inherit=true,allowForAll=false]
  ContentRole[name=authors,inherit=true,allowForAll=false]
  ContentRole[name=administrators,inherit=true,allowForAll=false]
  ContentRole[name=denyReaders,inherit=false,allowForAll=false]
  ContentRole[name=denyAuthors,inherit=false,allowForAll=false]
  ContentRole[name=denyAdministrators,inherit=false,allowForAll=false]
  securityVector=15:SEC_PUBLIC=true,SEC_CREATOR_ADMIN=false,SEC_INH_ADMIN=true,SEC_INH_EDITOR=true,SEC_INH_VIEWER=true,SEC_ALL_ADMIN=false,SEC_ALL_EDITOR=false,SEC_ALL_VIEWER=false
]
2019-11-20 08:57:50.31 DEBUG content 50292 f57d5f4f-3feb-4f51-9911-d002c7cc5999 Processing reference: ContentRole[name=readers,inherit=true,allowForAll=false]
2019-11-20 08:57:50.31 DEBUG content 50292 f57d5f4f-3feb-4f51-9911-d002c7cc5999 Processing reference: ContentRole[name=authors,inherit=true,allowForAll=false]
2019-11-20 08:57:50.31 DEBUG content 50292 f57d5f4f-3feb-4f51-9911-d002c7cc5999 Processing reference: ContentRole[name=administrators,inherit=true,allowForAll=false]
2019-11-20 08:57:50.31 DEBUG content 50292 f57d5f4f-3feb-4f51-9911-d002c7cc5999 Processing reference: ContentRole[name=denyReaders,inherit=false,allowForAll=false]
2019-11-20 08:57:50.31 DEBUG content 50292 f57d5f4f-3feb-4f51-9911-d002c7cc5999 Processing reference: ContentRole[name=denyAuthors,inherit=false,allowForAll=false]
2019-11-20 08:57:50.31 DEBUG content 50292 f57d5f4f-3feb-4f51-9911-d002c7cc5999 Processing reference: ContentRole[name=denyAdministrators,inherit=false,allowForAll=false]
2019-11-20 08:57:50.31 DEBUG content 50292 f57d5f4f-3feb-4f51-9911-d002c7cc5999 Completing produce.
2019-11-20 08:57:50.31 DEBUG content 50292 f57d5f4f-3feb-4f51-9911-d002c7cc5999 Exporting binary resources.
2019-11-20 08:57:50.31 DEBUG content 50292 f57d5f4f-3feb-4f51-9911-d002c7cc5999 Serializing object to XML.
2019-11-20 08:57:50.436 DEBUG content 50292 f57d5f4f-3feb-4f51-9911-d002c7cc5999 Object transported.
2019-11-20 08:57:50.445 DEBUG processModel 2709 0008daf4-c151-8000-0491-680000680000 Begin transport.
2019-11-20 08:57:50.445 DEBUG processModel 2709 0008daf4-c151-8000-0491-680000680000 Retrieving object data.
2019-11-20 08:57:52.231 DEBUG processModel 2709 0008daf4-c151-8000-0491-680000680000 Setting uuids of object references.
2019-11-20 08:57:52.231 DEBUG processModel 2709 0008daf4-c151-8000-0491-680000680000 Processing reference: ProcessModelHaul.folderId
2019-11-20 08:57:52.233 DEBUG processModel 2709 0008daf4-c151-8000-0491-680000680000 Processing reference: ProcessModelHaul.modelDashboardPageId
2019-11-20 08:57:52.233 DEBUG processModel 2709 0008daf4-c151-8000-0491-680000680000 Processing reference: ProcessModelHaul.processDashboardPageId
2019-11-20 08:57:52.233 DEBUG processModel 2709 0008daf4-c151-8000-0491-680000680000 Processing reference: ProcessModel.emailAttachmentFolderId
2019-11-20 08:57:52.24 DEBUG processModel 2709 0008daf4-c151-8000-0491-680000680000 Processing reference: com.appiancorp.suiteapi.process.Assignment$Assignee@7955fd5
2019-11-20 08:57:52.24 DEBUG processModel 2709 0008daf4-c151-8000-0491-680000680000 Processing reference: 4096 904
2019-11-20 08:57:52.243 DEBUG processModel 2709 0008daf4-c151-8000-0491-680000680000 Processing reference: ActivityClassParameter[name=pmID,it=23,v=<null>]
2019-11-20 08:57:52.243 DEBUG processModel 2709 0008daf4-c151-8000-0491-680000680000 Processing reference: ActivityClassParameter[name=inMap,it=111,v={}]
2019-11-20 08:57:52.243 DEBUG processModel 2709 0008daf4-c151-8000-0491-680000680000 Processing reference: ActivityClassParameter[name=procInheritsPriority,it=1,v=1]
2019-11-20 08:57:52.243 DEBUG processModel 2709 0008daf4-c151-8000-0491-680000680000 Processing reference: ActivityClassParameter[name=pmUUID,it=3,v=]
2019-11-20 08:57:52.243 DEBUG processModel 2709 0008daf4-c151-8000-0491-680000680000 Processing reference: ActivityClassParameter[name=isAsynchronous,it=26,v=1]
2019-11-20 08:57:52.243 DEBUG processModel 2709 0008daf4-c151-8000-0491-680000680000 Processing reference: ActivityClassParameter[name=isTransparent,it=26,v=1]
2019-11-20 08:57:52.243 DEBUG processModel 2709 0008daf4-c151-8000-0491-680000680000 Processing reference: ActivityClassParameter[name=inheritSecurity,it=26,v=0]
2019-11-20 08:57:52.243 DEBUG processModel 2709 0008daf4-c151-8000-0491-680000680000 Processing reference: ActivityClassParameter[name=Param3,it=4146,v=<null>]
2019-11-20 08:57:52.243 DEBUG processModel 2709 0008daf4-c151-8000-0491-680000680000 Processing reference: ActivityClassParameter[name=DataStoreEntity,it=81,v=75779b0d-3fd1-4cc0-99ab-610fb5f4d9c8@4142]
2019-11-20 08:57:52.246 DEBUG processModel 2709 0008daf4-c151-8000-0491-680000680000 Processing reference: ActivityClassParameter[name=StoredValues,it=197,v=<null>]
2019-11-20 08:57:52.246 DEBUG processModel 2709 0008daf4-c151-8000-0491-680000680000 Processing reference: ActivityClassParameter[name=DataToDelete,it=2653,v=<null>]
2019-11-20 08:57:52.246 DEBUG processModel 2709 0008daf4-c151-8000-0491-680000680000 Processing reference: ActivityClassParameter[name=DeletionComment,it=3,v=]
2019-11-20 08:57:52.247 DEBUG processModel 2709 0008daf4-c151-8000-0491-680000680000 Processing reference: ActivityClassParameter[name=defaultNode,it=1,v=2]
2019-11-20 08:57:52.247 DEBUG processModel 2709 0008daf4-c151-8000-0491-680000680000 Processing reference: ActivityClassParameter[name=rules,it=111,v={ActivityClassParameter[name=rule,it=11,v={ActivityClassParameter[name=expression,it=26,v=<null>],ActivityClassParameter[name=node,it=1,v=1],ActivityClassParameter[name=label,it=3,v=Yes]}],ActivityClassParameter[name=rule,it=11,v={ActivityClassParameter[name=expression,it=26,v=<null>],ActivityClassParameter[name=node,it=1,v=6],ActivityClassParameter[name=label,it=3,v=Load]}],ActivityClassParameter[name=rule,it=11,v={ActivityClassParameter[name=expression,it=26,v=<null>],ActivityClassParameter[name=node,it=1,v=7],ActivityClassParameter[name=label,it=3,v=Save]}],ActivityClassParameter[name=rule,it=11,v={ActivityClassParameter[name=expression,it=26,v=<null>],ActivityClassParameter[name=node,it=1,v=8],ActivityClassParameter[name=label,it=3,v=Create]}],ActivityClassParameter[name=rule,it=11,v={ActivityClassParameter[name=expression,it=26,v=<null>],ActivityClassParameter[name=node,it=1,v=9],ActivityClassParameter[name=label,it=3,v=Delete]}]}]
2019-11-20 08:57:52.247 DEBUG processModel 2709 0008daf4-c151-8000-0491-680000680000 Processing reference: ActivityClassParameter[name=fired,it=1,v=0]
2019-11-20 08:57:52.247 DEBUG processModel 2709 0008daf4-c151-8000-0491-680000680000 Processing reference: ActivityClassParameter[name=arrivedNodes,it=101,v=<null>]
2019-11-20 08:57:52.247 DEBUG processModel 2709 0008daf4-c151-8000-0491-680000680000 Processing reference: ActivityClassParameter[name=ewrNumberList_txt,it=103,v=<null>]
2019-11-20 08:57:52.247 DEBUG processModel 2709 0008daf4-c151-8000-0491-680000680000 Processing reference: ActivityClassParameter[name=ewrStatus_txt,it=3,v=]
2019-11-20 08:57:52.247 DEBUG processModel 2709 0008daf4-c151-8000-0491-680000680000 Processing reference: ActivityClassParameter[name=parfNumber_int,it=1,v=<null>]
2019-11-20 08:57:52.247 DEBUG processModel 2709 0008daf4-c151-8000-0491-680000680000 Processing reference: ActivityClassParameter[name=projectStatusList_txt,it=103,v=<null>]
2019-11-20 08:57:52.247 DEBUG processModel 2709 0008daf4-c151-8000-0491-680000680000 Processing reference: ActivityClassParameter[name=uwiList,it=4119,v=<null>]
2019-11-20 08:57:52.247 DEBUG processModel 2709 0008daf4-c151-8000-0491-680000680000 Processing reference: ActivityClassParameter[name=licenseNumber_txt,it=3,v=]
2019-11-20 08:57:52.247 DEBUG processModel 2709 0008daf4-c151-8000-0491-680000680000 Processing reference: ActivityClassParameter[name=surfaceFileNumber_txt,it=3,v=]
2019-11-20 08:57:52.247 DEBUG processModel 2709 0008daf4-c151-8000-0491-680000680000 Processing reference: ActivityClassParameter[name=WBSMasterViewList,it=4475,v=<null>]
2019-11-20 08:57:52.248 DEBUG processModel 2709 0008daf4-c151-8000-0491-680000680000 Processing reference: ActivityClassParameter[name=producingFacilityLocation_txt,it=3,v=]
2019-11-20 08:57:52.248 DEBUG processModel 2709 0008daf4-c151-8000-0491-680000680000 Processing reference: ActivityClassParameter[name=fromLocation_txt,it=3,v=]
2019-11-20 08:57:52.248 DEBUG processModel 2709 0008daf4-c151-8000-0491-680000680000 Processing reference: ActivityClassParameter[name=toLocation_txt,it=3,v=]
2019-11-20 08:57:52.248 DEBUG processModel 2709 0008daf4-c151-8000-0491-680000680000 Processing reference: ActivityClassParameter[name=projectLeaderList_txt,it=103,v=<null>]
2019-11-20 08:57:52.248 DEBUG processModel 2709 0008daf4-c151-8000-0491-680000680000 Processing reference: ActivityClassParameter[name=projectTypeList_txt,it=103,v=<null>]
2019-11-20 08:57:52.248 DEBUG processModel 2709 0008daf4-c151-8000-0491-680000680000 Processing reference: ActivityClassParameter[name=projectTitle_txt,it=3,v=]
2019-11-20 08:57:52.248 DEBUG processModel 2709 0008daf4-c151-8000-0491-680000680000 Processing reference: ActivityClassParameter[name=province_txt,it=3,v=]
2019-11-20 08:57:52.248 DEBUG processModel 2709 0008daf4-c151-8000-0491-680000680000 Processing reference: ActivityClassParameter[name=businessUnit_txt,it=3,v=]
2019-11-20 08:57:52.248 DEBUG processModel 2709 0008daf4-c151-8000-0491-680000680000 Processing reference: ActivityClassParameter[name=buRepList_txt,it=103,v=<null>]
2019-11-20 08:57:52.248 DEBUG processModel 2709 0008daf4-c151-8000-0491-680000680000 Processing reference: ActivityClassParameter[name=button_txt,it=3,v=]
2019-11-20 08:57:52.248 DEBUG processModel 2709 0008daf4-c151-8000-0491-680000680000 Processing reference: ActivityClassParameter[name=EWR_EPMReportEWRList,it=3809,v=<null>]
2019-11-20 08:57:52.248 DEBUG processModel 2709 0008daf4-c151-8000-0491-680000680000 Processing reference: ActivityClassParameter[name=user_txt,it=4,v=]
2019-11-20 08:57:52.249 DEBUG processModel 2709 0008daf4-c151-8000-0491-680000680000 Processing reference: ActivityClassParameter[name=reportPrefName_txt,it=3,v=]
2019-11-20 08:57:52.249 DEBUG processModel 2709 0008daf4-c151-8000-0491-680000680000 Processing reference: ActivityClassParameter[name=reportPrefID_int,it=1,v=<null>]
2019-11-20 08:57:52.249 DEBUG processModel 2709 0008daf4-c151-8000-0491-680000680000 Processing reference: ActivityClassParameter[name=EWRUwiList,it=4119,v=<null>]
2019-11-20 08:57:52.249 DEBUG processModel 2709 0008daf4-c151-8000-0491-680000680000 Processing reference: ActivityClassParameter[name=EWRReleaseDateFrom,it=7,v=<null>]
2019-11-20 08:57:52.249 DEBUG processModel 2709 0008daf4-c151-8000-0491-680000680000 Processing reference: ActivityClassParameter[name=EWRReleaseDateTo,it=7,v=<null>]
2019-11-20 08:57:52.249 DEBUG processModel 2709 0008daf4-c151-8000-0491-680000680000 Processing reference: ActivityClassParameter[name=lineNumber_txt,it=3,v=]
2019-11-20 08:57:52.249 DEBUG processModel 2709 0008daf4-c151-8000-0491-680000680000 Processing reference: ActivityClassParameter[name=licencenum_txt,it=3,v=]
2019-11-20 08:57:52.249 DEBUG processModel 2709 0008daf4-c151-8000-0491-680000680000 Processing reference: ActivityClassParameter[name=projectAdministrator_int,it=1,v=<null>]
2019-11-20 08:57:52.249 DEBUG processModel 2709 0008daf4-c151-8000-0491-680000680000 Processing reference: FormElement[label=Label]
2019-11-20 08:57:52.249 DEBUG processModel 2709 0008daf4-c151-8000-0491-680000680000 Processing reference: FormElement[label=Search Wells]
2019-11-20 08:57:52.249 DEBUG processModel 2709 0008daf4-c151-8000-0491-680000680000 Processing reference: FormElement[label=]
2019-11-20 08:57:52.249 DEBUG processModel 2709 0008daf4-c151-8000-0491-680000680000 Processing reference: FormElement[label=Question4]
2019-11-20 08:57:52.249 DEBUG processModel 2709 0008daf4-c151-8000-0491-680000680000 Processing reference: FormElement[label=Question5]
2019-11-20 08:57:52.249 DEBUG processModel 2709 0008daf4-c151-8000-0491-680000680000 Processing reference: FormElement[label=Question6]
2019-11-20 08:57:52.249 DEBUG processModel 2709 0008daf4-c151-8000-0491-680000680000 Processing reference: FormElement[label=Question7]
2019-11-20 08:57:52.249 DEBUG processModel 2709 0008daf4-c151-8000-0491-680000680000 Processing reference: FormElement[label=Question8]
2019-11-20 08:57:52.249 DEBUG processModel 2709 0008daf4-c151-8000-0491-680000680000 Processing reference: FormElement[label=Question9]
2019-11-20 08:57:52.25 DEBUG processModel 2709 0008daf4-c151-8000-0491-680000680000 Processing reference: FormElement[label=Question10]
2019-11-20 08:57:52.25 DEBUG processModel 2709 0008daf4-c151-8000-0491-680000680000 Processing reference: FormElement[label=Question11]
2019-11-20 08:57:52.25 DEBUG processModel 2709 0008daf4-c151-8000-0491-680000680000 Processing reference: FormElement[label=Question12]
2019-11-20 08:57:52.25 DEBUG processModel 2709 0008daf4-c151-8000-0491-680000680000 Processing reference: FormElement[label=Question13]
2019-11-20 08:57:52.25 DEBUG processModel 2709 0008daf4-c151-8000-0491-680000680000 Processing reference: FormElement[label=Question14]
2019-11-20 08:57:52.25 DEBUG processModel 2709 0008daf4-c151-8000-0491-680000680000 Processing reference: FormElement[label=Question15]
2019-11-20 08:57:52.25 DEBUG processModel 2709 0008daf4-c151-8000-0491-680000680000 Processing reference: FormElement[label=Question16]
2019-11-20 08:57:52.25 DEBUG processModel 2709 0008daf4-c151-8000-0491-680000680000 Processing reference: FormElement[label=Question17]
2019-11-20 08:57:52.25 DEBUG processModel 2709 0008daf4-c151-8000-0491-680000680000 Processing reference: FormElement[label=Question18]
2019-11-20 08:57:52.25 DEBUG processModel 2709 0008daf4-c151-8000-0491-680000680000 Processing reference: FormElement[label=Question19]
2019-11-20 08:57:52.25 DEBUG processModel 2709 0008daf4-c151-8000-0491-680000680000 Processing reference: FormElement[label=Question20]
2019-11-20 08:57:52.25 DEBUG processModel 2709 0008daf4-c151-8000-0491-680000680000 Processing reference: FormElement[label=Question21]
2019-11-20 08:57:52.25 DEBUG processModel 2709 0008daf4-c151-8000-0491-680000680000 Processing reference: FormElement[label=Question22]
2019-11-20 08:57:52.25 DEBUG processModel 2709 0008daf4-c151-8000-0491-680000680000 Processing reference: FormElement[label=Question23]
2019-11-20 08:57:52.25 DEBUG processModel 2709 0008daf4-c151-8000-0491-680000680000 Processing reference: FormElement[label=Question24]
2019-11-20 08:57:52.25 DEBUG processModel 2709 0008daf4-c151-8000-0491-680000680000 Processing reference: FormElement[label=Question25]
2019-11-20 08:57:52.25 DEBUG processModel 2709 0008daf4-c151-8000-0491-680000680000 Processing reference: FormElement[label=Question26]
2019-11-20 08:57:52.25 DEBUG processModel 2709 0008daf4-c151-8000-0491-680000680000 Processing reference: FormElement[label=Question27]
2019-11-20 08:57:52.25 DEBUG processModel 2709 0008daf4-c151-8000-0491-680000680000 Processing reference: FormElement[label=Question28]
2019-11-20 08:57:52.25 DEBUG processModel 2709 0008daf4-c151-8000-0491-680000680000 Processing reference: FormElement[label=Question29]
2019-11-20 08:57:52.25 DEBUG processModel 2709 0008daf4-c151-8000-0491-680000680000 Processing reference: FormElement[label=Question30]
2019-11-20 08:57:52.25 DEBUG processModel 2709 0008daf4-c151-8000-0491-680000680000 Processing reference: FormElement[label=Question31]
2019-11-20 08:57:52.253 DEBUG processModel 2709 0008daf4-c151-8000-0491-680000680000 Processing reference: com.appiancorp.suiteapi.process.Assignment$Assignee@2cbe2932
2019-11-20 08:57:52.253 DEBUG processModel 2709 0008daf4-c151-8000-0491-680000680000 Processing reference: ActivityClassParameter[name=p_results,it=3809,v=<null>]
2019-11-20 08:57:52.253 DEBUG processModel 2709 0008daf4-c151-8000-0491-680000680000 Processing reference: ActivityClassParameter[name=p_parf_number,it=1,v=<null>]
2019-11-20 08:57:52.253 DEBUG processModel 2709 0008daf4-c151-8000-0491-680000680000 Processing reference: ActivityClassParameter[name=p_licence_number,it=3,v=]
2019-11-20 08:57:52.253 DEBUG processModel 2709 0008daf4-c151-8000-0491-680000680000 Processing reference: ActivityClassParameter[name=p_surface_file_number,it=3,v=]
2019-11-20 08:57:52.253 DEBUG processModel 2709 0008daf4-c151-8000-0491-680000680000 Processing reference: ActivityClassParameter[name=p_afe_number,it=3,v=]
2019-11-20 08:57:52.253 DEBUG processModel 2709 0008daf4-c151-8000-0491-680000680000 Processing reference: ActivityClassParameter[name=p_producing_facility_location,it=3,v=]
2019-11-20 08:57:52.253 DEBUG processModel 2709 0008daf4-c151-8000-0491-680000680000 Processing reference: ActivityClassParameter[name=p_from_location,it=3,v=]
2019-11-20 08:57:52.253 DEBUG processModel 2709 0008daf4-c151-8000-0491-680000680000 Processing reference: ActivityClassParameter[name=p_to_location,it=3,v=]
2019-11-20 08:57:52.253 DEBUG processModel 2709 0008daf4-c151-8000-0491-680000680000 Processing reference: ActivityClassParameter[name=p_project_type,it=3,v=]
2019-11-20 08:57:52.253 DEBUG processModel 2709 0008daf4-c151-8000-0491-680000680000 Processing reference: ActivityClassParameter[name=p_province,it=3,v=]
2019-11-20 08:57:52.254 DEBUG processModel 2709 0008daf4-c151-8000-0491-680000680000 Processing reference: ActivityClassParameter[name=p_business_unit,it=3,v=]
2019-11-20 08:57:52.254 DEBUG processModel 2709 0008daf4-c151-8000-0491-680000680000 Processing reference: ActivityClassParameter[name=p_uwi,it=3,v=]
2019-11-20 08:57:52.254 DEBUG processModel 2709 0008daf4-c151-8000-0491-680000680000 Processing reference: ActivityClassParameter[name=p_ewr_number,it=3,v=]
2019-11-20 08:57:52.254 DEBUG processModel 2709 0008daf4-c151-8000-0491-680000680000 Processing reference: ActivityClassParameter[name=p_ewr_status,it=3,v=]
2019-11-20 08:57:52.254 DEBUG processModel 2709 0008daf4-c151-8000-0491-680000680000 Processing reference: ActivityClassParameter[name=p_bu_representative,it=3,v=]
2019-11-20 08:57:52.254 DEBUG processModel 2709 0008daf4-c151-8000-0491-680000680000 Processing reference: ActivityClassParameter[name=p_project_title,it=3,v=]
2019-11-20 08:57:52.254 DEBUG processModel 2709 0008daf4-c151-8000-0491-680000680000 Processing reference: ActivityClassParameter[name=p_project_leader,it=3,v=]
2019-11-20 08:57:52.254 DEBUG processModel 2709 0008daf4-c151-8000-0491-680000680000 Processing reference: ActivityClassParameter[name=p_project_status,it=3,v=]
2019-11-20 08:57:52.254 DEBUG processModel 2709 0008daf4-c151-8000-0491-680000680000 Processing reference: ActivityClassParameter[name=p_ewr_uwi,it=3,v=]
2019-11-20 08:57:52.254 DEBUG processModel 2709 0008daf4-c151-8000-0491-680000680000 Processing reference: ActivityClassParameter[name=p_ewr_release_from,it=7,v=<null>]
2019-11-20 08:57:52.254 DEBUG processModel 2709 0008daf4-c151-8000-0491-680000680000 Processing reference: ActivityClassParameter[name=p_ewr_release_to,it=7,v=<null>]
2019-11-20 08:57:52.254 DEBUG processModel 2709 0008daf4-c151-8000-0491-680000680000 Processing reference: ActivityClassParameter[name=p_line_number,it=3,v=]
2019-11-20 08:57:52.254 DEBUG processModel 2709 0008daf4-c151-8000-0491-680000680000 Processing reference: ActivityClassParameter[name=P_LICENSE_NUMBER,it=3,v=]
2019-11-20 08:57:52.254 DEBUG processModel 2709 0008daf4-c151-8000-0491-680000680000 Processing reference: ActivityClassParameter[name=p_project_administrator,it=3,v=]
2019-11-20 08:57:52.254 DEBUG processModel 2709 0008daf4-c151-8000-0491-680000680000 Processing reference: FormElement[label=Label]
2019-11-20 08:57:52.254 DEBUG processModel 2709 0008daf4-c151-8000-0491-680000680000 Processing reference: FormElement[label=Untitled]
2019-11-20 08:57:52.254 DEBUG processModel 2709 0008daf4-c151-8000-0491-680000680000 Processing reference: FormElement[label=]
2019-11-20 08:57:52.254 DEBUG processModel 2709 0008daf4-c151-8000-0491-680000680000 Processing reference: FormElement[label=Question4]
2019-11-20 08:57:52.254 DEBUG processModel 2709 0008daf4-c151-8000-0491-680000680000 Processing reference: FormElement[label=Question6]
2019-11-20 08:57:52.254 DEBUG processModel 2709 0008daf4-c151-8000-0491-680000680000 Processing reference: FormElement[label=Question7]
2019-11-20 08:57:52.254 DEBUG processModel 2709 0008daf4-c151-8000-0491-680000680000 Processing reference: FormElement[label=Question8]
2019-11-20 08:57:52.254 DEBUG processModel 2709 0008daf4-c151-8000-0491-680000680000 Processing reference: FormElement[label=Question9]
2019-11-20 08:57:52.254 DEBUG processModel 2709 0008daf4-c151-8000-0491-680000680000 Processing reference: FormElement[label=Question10]
2019-11-20 08:57:52.254 DEBUG processModel 2709 0008daf4-c151-8000-0491-680000680000 Processing reference: FormElement[label=Question11]
2019-11-20 08:57:52.254 DEBUG processModel 2709 0008daf4-c151-8000-0491-680000680000 Processing reference: FormElement[label=Question12]
2019-11-20 08:57:52.254 DEBUG processModel 2709 0008daf4-c151-8000-0491-680000680000 Processing reference: FormElement[label=Question13]
2019-11-20 08:57:52.254 DEBUG processModel 2709 0008daf4-c151-8000-0491-680000680000 Processing reference: FormElement[label=Question14]
2019-11-20 08:57:52.254 DEBUG processModel 2709 0008daf4-c151-8000-0491-680000680000 Processing reference: FormElement[label=Question15]
2019-11-20 08:57:52.254 DEBUG processModel 2709 0008daf4-c151-8000-0491-680000680000 Processing reference: FormElement[label=Question16]
2019-11-20 08:57:52.254 DEBUG processModel 2709 0008daf4-c151-8000-0491-680000680000 Processing reference: FormElement[label=Question17]
2019-11-20 08:57:52.254 DEBUG processModel 2709 0008daf4-c151-8000-0491-680000680000 Processing reference: FormElement[label=Question18]
2019-11-20 08:57:52.254 DEBUG processModel 2709 0008daf4-c151-8000-0491-680000680000 Processing reference: FormElement[label=Question19]
2019-11-20 08:57:52.255 DEBUG processModel 2709 0008daf4-c151-8000-0491-680000680000 Processing reference: FormElement[label=Question20]
2019-11-20 08:57:52.255 DEBUG processModel 2709 0008daf4-c151-8000-0491-680000680000 Processing reference: FormElement[label=Question20]
2019-11-20 08:57:52.255 DEBUG processModel 2709 0008daf4-c151-8000-0491-680000680000 Processing reference: FormElement[label=Question21]
2019-11-20 08:57:52.255 DEBUG processModel 2709 0008daf4-c151-8000-0491-680000680000 Processing reference: FormElement[label=Question22]
2019-11-20 08:57:52.255 DEBUG processModel 2709 0008daf4-c151-8000-0491-680000680000 Processing reference: FormElement[label=Question23]
2019-11-20 08:57:52.255 DEBUG processModel 2709 0008daf4-c151-8000-0491-680000680000 Processing reference: FormElement[label=Question24]
2019-11-20 08:57:52.255 DEBUG processModel 2709 0008daf4-c151-8000-0491-680000680000 Processing reference: FormElement[label=Question25]
2019-11-20 08:57:52.255 DEBUG processModel 2709 0008daf4-c151-8000-0491-680000680000 Processing reference: FormElement[label=Question26]
2019-11-20 08:57:52.255 DEBUG processModel 2709 0008daf4-c151-8000-0491-680000680000 Processing reference: ActivityClassParameter[name=DataSourceName,it=3,v=]
2019-11-20 08:57:52.255 DEBUG processModel 2709 0008daf4-c151-8000-0491-680000680000 Processing reference: ActivityClassParameter[name=ProcedureName,it=3,v=]
2019-11-20 08:57:52.255 DEBUG processModel 2709 0008daf4-c151-8000-0491-680000680000 Processing reference: ProcessVariable[name=ENTITY_GLOB_ReportSearchPref,it=81,v=75779b0d-3fd1-4cc0-99ab-610fb5f4d9c8@4142]
2019-11-20 08:57:52.259 DEBUG processModel 2709 0008daf4-c151-8000-0491-680000680000 Processing reference: ProcessVariable[name=EWRReleaseDateFrom,it=7,v=<null>]
2019-11-20 08:57:52.259 DEBUG processModel 2709 0008daf4-c151-8000-0491-680000680000 Processing reference: ProcessVariable[name=EWRReleaseDateTo,it=7,v=<null>]
2019-11-20 08:57:52.259 DEBUG processModel 2709 0008daf4-c151-8000-0491-680000680000 Processing reference: ProcessVariable[name=EWRUwiList,it=4119,v=<null>]
2019-11-20 08:57:52.259 DEBUG processModel 2709 0008daf4-c151-8000-0491-680000680000 Processing reference: ProcessVariable[name=EWR_EPMReportEWRList,it=3809,v=<null>]
2019-11-20 08:57:52.259 DEBUG processModel 2709 0008daf4-c151-8000-0491-680000680000 Processing reference: ProcessVariable[name=ReportSearchPref,it=4146,v=<null>]
2019-11-20 08:57:52.259 DEBUG processModel 2709 0008daf4-c151-8000-0491-680000680000 Processing reference: ProcessVariable[name=WBSMasterViewList,it=4475,v=<null>]
2019-11-20 08:57:52.259 DEBUG processModel 2709 0008daf4-c151-8000-0491-680000680000 Processing reference: ProcessVariable[name=buRepList_txt,it=103,v={}]
2019-11-20 08:57:52.259 DEBUG processModel 2709 0008daf4-c151-8000-0491-680000680000 Processing reference: ProcessVariable[name=businessUnit_txt,it=3,v=]
2019-11-20 08:57:52.259 DEBUG processModel 2709 0008daf4-c151-8000-0491-680000680000 Processing reference: ProcessVariable[name=button_txt,it=3,v=]
2019-11-20 08:57:52.259 DEBUG processModel 2709 0008daf4-c151-8000-0491-680000680000 Processing reference: ProcessVariable[name=ewrNumberList_txt,it=103,v={}]
2019-11-20 08:57:52.259 DEBUG processModel 2709 0008daf4-c151-8000-0491-680000680000 Processing reference: ProcessVariable[name=ewrStatus_txt,it=3,v=]
2019-11-20 08:57:52.259 DEBUG processModel 2709 0008daf4-c151-8000-0491-680000680000 Processing reference: ProcessVariable[name=fromLocation_txt,it=3,v=]
2019-11-20 08:57:52.259 DEBUG processModel 2709 0008daf4-c151-8000-0491-680000680000 Processing reference: ProcessVariable[name=licencenum_txt,it=3,v=]
2019-11-20 08:57:52.259 DEBUG processModel 2709 0008daf4-c151-8000-0491-680000680000 Processing reference: ProcessVariable[name=licenseNumber_txt,it=3,v=]
2019-11-20 08:57:52.259 DEBUG processModel 2709 0008daf4-c151-8000-0491-680000680000 Processing reference: ProcessVariable[name=lineNumber_txt,it=3,v=]
2019-11-20 08:57:52.26 DEBUG processModel 2709 0008daf4-c151-8000-0491-680000680000 Processing reference: ProcessVariable[name=parfNumber_int,it=1,v=0]
2019-11-20 08:57:52.26 DEBUG processModel 2709 0008daf4-c151-8000-0491-680000680000 Processing reference: ProcessVariable[name=processIntiator,it=4,v=]
2019-11-20 08:57:52.26 DEBUG processModel 2709 0008daf4-c151-8000-0491-680000680000 Processing reference: ProcessVariable[name=producingFacilityLocation_txt,it=3,v=]
2019-11-20 08:57:52.26 DEBUG processModel 2709 0008daf4-c151-8000-0491-680000680000 Processing reference: ProcessVariable[name=projectAdministratorID_int,it=1,v=0]
2019-11-20 08:57:52.26 DEBUG processModel 2709 0008daf4-c151-8000-0491-680000680000 Processing reference: ProcessVariable[name=projectLeaderList_txt,it=103,v={}]
2019-11-20 08:57:52.26 DEBUG processModel 2709 0008daf4-c151-8000-0491-680000680000 Processing reference: ProcessVariable[name=projectStatusList_txt,it=103,v={}]
2019-11-20 08:57:52.26 DEBUG processModel 2709 0008daf4-c151-8000-0491-680000680000 Processing reference: ProcessVariable[name=projectTitle_txt,it=3,v=]
2019-11-20 08:57:52.26 DEBUG processModel 2709 0008daf4-c151-8000-0491-680000680000 Processing reference: ProcessVariable[name=projectTypeList_txt,it=103,v={}]
2019-11-20 08:57:52.26 DEBUG processModel 2709 0008daf4-c151-8000-0491-680000680000 Processing reference: ProcessVariable[name=province_txt,it=3,v=]
2019-11-20 08:57:52.26 DEBUG processModel 2709 0008daf4-c151-8000-0491-680000680000 Processing reference: ProcessVariable[name=reportPrefID_int,it=1,v=0]
2019-11-20 08:57:52.26 DEBUG processModel 2709 0008daf4-c151-8000-0491-680000680000 Processing reference: ProcessVariable[name=reportPrefName_txt,it=3,v=]
2019-11-20 08:57:52.26 DEBUG processModel 2709 0008daf4-c151-8000-0491-680000680000 Processing reference: ProcessVariable[name=surfaceFileNumber_txt,it=3,v=]
2019-11-20 08:57:52.26 DEBUG processModel 2709 0008daf4-c151-8000-0491-680000680000 Processing reference: ProcessVariable[name=timeOut_bool,it=26,v=0]
2019-11-20 08:57:52.26 DEBUG processModel 2709 0008daf4-c151-8000-0491-680000680000 Processing reference: ProcessVariable[name=toLocation_txt,it=3,v=]
2019-11-20 08:57:52.26 DEBUG processModel 2709 0008daf4-c151-8000-0491-680000680000 Processing reference: ProcessVariable[name=uwiList,it=4119,v=<null>]
2019-11-20 08:57:52.262 DEBUG processModel 2709 0008daf4-c151-8000-0491-680000680000 Processing reference: com.appiancorp.suiteapi.process.ProcessRoleMap@5e623e78[
  Role[name=ADMIN_OWNER,usernames=[bhuia],groupIds=[904]]
  Role[name=EDITOR]
  Role[name=EXPLICIT_NONMEMBER]
  Role[name=VIEWER,groupIds=[983, 991]]
  Role[name=MANAGER]
  Role[name=INITIATOR]
]
2019-11-20 08:57:52.262 DEBUG processModel 2709 0008daf4-c151-8000-0491-680000680000 Processing reference: Role[name=ADMIN_OWNER,usernames=[bhuia],groupIds=[904]]
2019-11-20 08:57:52.267 DEBUG processModel 2709 0008daf4-c151-8000-0491-680000680000 Processing reference: Role[name=EDITOR]
2019-11-20 08:57:52.267 DEBUG processModel 2709 0008daf4-c151-8000-0491-680000680000 Processing reference: Role[name=EXPLICIT_NONMEMBER]
2019-11-20 08:57:52.267 DEBUG processModel 2709 0008daf4-c151-8000-0491-680000680000 Processing reference: Role[name=VIEWER,groupIds=[983, 991]]
2019-11-20 08:57:52.27 DEBUG processModel 2709 0008daf4-c151-8000-0491-680000680000 Processing reference: Role[name=MANAGER]
2019-11-20 08:57:52.27 DEBUG processModel 2709 0008daf4-c151-8000-0491-680000680000 Processing reference: Role[name=INITIATOR]
2019-11-20 08:57:52.378 DEBUG processModel 2709 0008daf4-c151-8000-0491-680000680000 Completing produce.
2019-11-20 08:57:52.378 DEBUG processModel 2709 0008daf4-c151-8000-0491-680000680000 Exporting binary resources.
2019-11-20 08:57:52.378 DEBUG processModel 2709 0008daf4-c151-8000-0491-680000680000 Serializing object to XML.
2019-11-20 08:57:52.458 DEBUG processModel 2709 0008daf4-c151-8000-0491-680000680000 Object transported.
2019-11-20 08:57:52.463 DEBUG application 49338 _a-0000e32a-e620-8000-d3f4-680000680000_203443 Completing produce.
2019-11-20 08:57:52.463 DEBUG application 49338 _a-0000e32a-e620-8000-d3f4-680000680000_203443 Exporting binary resources.
2019-11-20 08:57:52.463 DEBUG application 49338 _a-0000e32a-e620-8000-d3f4-680000680000_203443 Serializing object to XML.
2019-11-20 08:57:52.463 DEBUG application 49338 _a-0000e32a-e620-8000-d3f4-680000680000_203443 Object transported.
