Success (1):
application 102382 _a-0000e3b9-66c3-8000-9ba6-011c48011c48_874326 "Dhanunjay"

Trace:
2019-12-31 12:53:08.086 DEBUG application 102382 _a-0000e3b9-66c3-8000-9ba6-011c48011c48_874326 Begin transport.
2019-12-31 12:53:08.086 DEBUG application 102382 _a-0000e3b9-66c3-8000-9ba6-011c48011c48_874326 Retrieving object data.
2019-12-31 12:53:08.093 DEBUG application 102382 _a-0000e3b9-66c3-8000-9ba6-011c48011c48_874326 App associated objects: []
2019-12-31 12:53:08.093 DEBUG application 102382 _a-0000e3b9-66c3-8000-9ba6-011c48011c48_874326 Invalid associated objects: []
2019-12-31 12:53:08.093 DEBUG application 102382 _a-0000e3b9-66c3-8000-9ba6-011c48011c48_874326 Adding valid associated objects to be exported: GlobalBindingMap[]
2019-12-31 12:53:08.093 DEBUG application 102382 _a-0000e3b9-66c3-8000-9ba6-011c48011c48_874326 Setting uuids of object references.
2019-12-31 12:53:08.093 DEBUG application 102382 _a-0000e3b9-66c3-8000-9ba6-011c48011c48_874326 Processing reference: Application.forum
2019-12-31 12:53:08.094 DEBUG application 102382 _a-0000e3b9-66c3-8000-9ba6-011c48011c48_874326 Processing reference: Application.parent
2019-12-31 12:53:08.096 DEBUG application 102382 _a-0000e3b9-66c3-8000-9ba6-011c48011c48_874326 Processing reference: com.appiancorp.suiteapi.content.ContentRoleMap@136a5f1c[
  ContentRole[name=readers,inherit=false,allowForAll=false]
  ContentRole[name=authors,inherit=false,allowForAll=false]
  ContentRole[name=administrators,inherit=false,allowForAll=false]
  ContentRole[name=denyReaders,inherit=false,allowForAll=false]
  ContentRole[name=denyAuthors,inherit=false,allowForAll=false]
  ContentRole[name=denyAdministrators,inherit=false,allowForAll=false]
  securityVector=1:SEC_PUBLIC=true,SEC_CREATOR_ADMIN=false,SEC_INH_ADMIN=false,SEC_INH_EDITOR=false,SEC_INH_VIEWER=false,SEC_ALL_ADMIN=false,SEC_ALL_EDITOR=false,SEC_ALL_VIEWER=false
]
2019-12-31 12:53:08.097 DEBUG application 102382 _a-0000e3b9-66c3-8000-9ba6-011c48011c48_874326 Processing reference: ContentRole[name=readers,inherit=false,allowForAll=false]
2019-12-31 12:53:08.097 DEBUG application 102382 _a-0000e3b9-66c3-8000-9ba6-011c48011c48_874326 Processing reference: ContentRole[name=authors,inherit=false,allowForAll=false]
2019-12-31 12:53:08.097 DEBUG application 102382 _a-0000e3b9-66c3-8000-9ba6-011c48011c48_874326 Processing reference: ContentRole[name=administrators,inherit=false,allowForAll=false]
2019-12-31 12:53:08.097 DEBUG application 102382 _a-0000e3b9-66c3-8000-9ba6-011c48011c48_874326 Processing reference: ContentRole[name=denyReaders,inherit=false,allowForAll=false]
2019-12-31 12:53:08.097 DEBUG application 102382 _a-0000e3b9-66c3-8000-9ba6-011c48011c48_874326 Processing reference: ContentRole[name=denyAuthors,inherit=false,allowForAll=false]
2019-12-31 12:53:08.097 DEBUG application 102382 _a-0000e3b9-66c3-8000-9ba6-011c48011c48_874326 Processing reference: ContentRole[name=denyAdministrators,inherit=false,allowForAll=false]
2019-12-31 12:53:08.097 DEBUG application 102382 _a-0000e3b9-66c3-8000-9ba6-011c48011c48_874326 Completing produce.
2019-12-31 12:53:08.097 DEBUG application 102382 _a-0000e3b9-66c3-8000-9ba6-011c48011c48_874326 Exporting binary resources.
2019-12-31 12:53:08.097 DEBUG application 102382 _a-0000e3b9-66c3-8000-9ba6-011c48011c48_874326 Serializing object to XML.
2019-12-31 12:53:08.105 DEBUG application 102382 _a-0000e3b9-66c3-8000-9ba6-011c48011c48_874326 Object transported.
